Arguments: 
  /Users/Jamter/git/nvm/versions/node/v10.15.3/bin/node /Users/Jamter/project/study/yarn-offline-deploy-demo/node_modules/.bin/yarn config list

PATH: 
  /Users/Jamter/project/study/yarn-offline-deploy-demo/node_modules/.bin:/Users/Jamter/git/nvm/versions/node/v10.15.3/lib/node_modules/npm/node_modules/npm-lifecycle/node-gyp-bin:/Users/Jamter/project/study/yarn-offline-deploy-demo/node_modules/.bin:/Users/Jamter/git/nvm/versions/node/v10.15.3/bin:/usr/local/sbin:/usr/local/bin:/usr/bin:/bin:/usr/sbin:/sbin:/opt/X11/bin:/usr/local/sbin:/Users/Jamter/Documents/apache-maven-3.5.0/bin:/Users/Jamter/Documents/apache-maven-3.5.0/bin

Yarn version: 
  1.17.3

Node version: 
  10.15.3

Platform: 
  darwin x64

Trace: 
  TypeError [ERR_INVALID_ARG_TYPE]: The "path" argument must be of type string. Received type boolean
      at validateString (internal/validators.js:125:11)
      at Object.resolve (path.js:1080:7)
      at YarnRegistry.<anonymous> (/Users/Jamter/project/study/yarn-offline-deploy-demo/node_modules/yarn/lib/cli.js:96026:50)
      at Generator.next (<anonymous>)
      at step (/Users/Jamter/project/study/yarn-offline-deploy-demo/node_modules/yarn/lib/cli.js:304:30)
      at /Users/Jamter/project/study/yarn-offline-deploy-demo/node_modules/yarn/lib/cli.js:315:13

npm manifest: 
  {
    "name": "yarn-offline-deploy-demo",
    "version": "1.0.0",
    "description": "",
    "main": "index.js",
    "scripts": {
      "test": "echo \"Error: no test specified\" && exit 1",
      "install": "sh ./yarn/online-install.sh",
      "offline-install": "sh ./yarn/offline-install.sh"
    },
    "repository": {
      "type": "git",
      "url": "git+https://github.com/momopig/yarn-offline-deploy-demo.git"
    },
    "dependencies": {
      "express": "^4.16.4",
      "pm2": "^3.5.1"
    },
    "author": "",
    "license": "ISC",
    "bugs": {
      "url": "https://github.com/momopig/yarn-offline-deploy-demo/issues"
    },
    "homepage": "https://github.com/momopig/yarn-offline-deploy-demo#readme"
  }

yarn manifest: 
  No manifest

Lockfile: 
  No lockfile
